<?xml version="1.0" encoding="UTF-8"?>
<!-- Generated by org.testng.reporters.JUnitXMLReporter -->
<testsuite hostname="LAPTOP-AB0E0QFL" ignored="0" name="Default test" tests="7" failures="0" timestamp="26 Nov 2024 13:27:33 GMT" time="95.13" errors="0">
  <testcase name="navigateToTheFitpeoHomePage" time="0.122" classname="Fitpeo.Fitpeo.FitpeoTest"/>
  <testcase name="navigateToRevenueCalculatorPage" time="0.375" classname="Fitpeo.Fitpeo.FitpeoTest"/>
  <testcase name="scrollToSliderSection" time="5.42" classname="Fitpeo.Fitpeo.FitpeoTest"/>
  <testcase name="adjustSliderAndVerifsValue" time="1.313" classname="Fitpeo.Fitpeo.FitpeoTest"/>
  <testcase name="adjustSliderUsingTextField" time="17.674" classname="Fitpeo.Fitpeo.FitpeoTest"/>
  <testcase name="selectCPTCodesTest" time="2.153" classname="Fitpeo.Fitpeo.FitpeoTest"/>
  <testcase name="validateTotalRecurringReimbursementTest" time="2.335" classname="Fitpeo.Fitpeo.FitpeoTest"/>
</testsuite> <!-- Default test -->
